<?xml version="1.0" encoding="UTF-8"?>
<testng-results ignored="0" total="1" passed="1" failed="0" skipped="0">
  <reporter-output>
  </reporter-output>
  <suite started-at="2023-10-17T09:47:15 IST" name="Default suite" finished-at="2023-10-17T09:47:48 IST" duration-ms="32820">
    <groups>
    </groups>
    <test started-at="2023-10-17T09:47:15 IST" name="Default test" finished-at="2023-10-17T09:47:48 IST" duration-ms="32820">
      <class name="com.Testcases.Edit_ProfileTestjava">
        <test-method is-config="true" signature="login()[pri:0, instance:com.Testcases.Edit_ProfileTestjava@5bf0d49]" started-at="2023-10-17T09:47:15 IST" name="login" finished-at="2023-10-17T09:47:40 IST" duration-ms="25246" status="PASS">
          <reporter-output>
          </reporter-output>
        </test-method> <!-- login -->
        <test-method is-config="true" signature="initialize()[pri:0, instance:com.Testcases.Edit_ProfileTestjava@5bf0d49]" started-at="2023-10-17T09:47:40 IST" name="initialize" finished-at="2023-10-17T09:47:40 IST" duration-ms="6" status="PASS">
          <reporter-output>
          </reporter-output>
        </test-method> <!-- initialize -->
        <test-method signature="search()[pri:0, instance:com.Testcases.Edit_ProfileTestjava@5bf0d49]" started-at="2023-10-17T09:47:40 IST" name="search" finished-at="2023-10-17T09:47:48 IST" duration-ms="7448" status="PASS">
          <reporter-output>
          </reporter-output>
        </test-method> <!-- search -->
      </class> <!-- com.Testcases.Edit_ProfileTestjava -->
    </test> <!-- Default test -->
  </suite> <!-- Default suite -->
</testng-results>
